Nombre hoja:Criterios

Leyendo matrices de los excel de cada muestras...



Sustituyendo nulos y campos no numéricos por 0...
A =

   1.00000   0.25000   0.14286   0.20000
   0.00000   1.00000   0.33333   0.33333
   0.00000   0.00000   1.00000   1.00000
   0.00000   0.00000   0.00000   1.00000

B =

   1.00000   5.00000   0.20000   1.00000
   0.00000   1.00000   0.20000   0.20000
   0.00000   0.00000   1.00000   3.00000
   0.00000   0.00000   0.00000   1.00000

C =

   1.00000   0.20000   0.14286   0.20000
   0.00000   1.00000   0.33333   0.33333
   0.00000   0.00000   1.00000   3.00000
   0.00000   0.00000   0.00000   1.00000

Verificando consistencia de muestra A:
Índice de consistencia: -1.11
Verificando consistencia de muestra B:
Índice de consistencia: -1.11
Verificando consistencia de muestra C:
Índice de consistencia: -1.11

Convirtiendo matrices crisp por su equivalente fuzzy...
A:

(1.000, 1.000, 1.000) (0.200, 0.250, 0.333) (0.125, 0.143, 0.167) (0.167, 0.200, 0.250) 
(3.000, 4.000, 5.000) (1.000, 1.000, 1.000) (0.250, 0.333, 0.500) (0.250, 0.333, 0.500) 
(6.000, 7.000, 8.000) (2.000, 3.000, 4.000) (1.000, 1.000, 1.000) (1.000, 1.000, 1.000) 
(4.000, 5.000, 6.000) (2.000, 3.000, 4.000) (1.000, 1.000, 1.000) (1.000, 1.000, 1.000) 
B:

(1.000, 1.000, 1.000) (4.000, 5.000, 6.000) (0.167, 0.200, 0.250) (1.000, 1.000, 1.000) 
(0.167, 0.200, 0.250) (1.000, 1.000, 1.000) (0.167, 0.200, 0.250) (0.167, 0.200, 0.250) 
(4.000, 5.000, 6.000) (4.000, 5.000, 6.000) (1.000, 1.000, 1.000) (2.000, 3.000, 4.000) 
(1.000, 1.000, 1.000) (4.000, 5.000, 6.000) (0.250, 0.333, 0.500) (1.000, 1.000, 1.000) 
C:

(1.000, 1.000, 1.000) (0.167, 0.200, 0.250) (0.125, 0.143, 0.167) (0.167, 0.200, 0.250) 
(4.000, 5.000, 6.000) (1.000, 1.000, 1.000) (0.250, 0.333, 0.500) (0.250, 0.333, 0.500) 
(6.000, 7.000, 8.000) (2.000, 3.000, 4.000) (1.000, 1.000, 1.000) (2.000, 3.000, 4.000) 
(4.000, 5.000, 6.000) (2.000, 3.000, 4.000) (0.250, 0.333, 0.500) (1.000, 1.000, 1.000) 

Creando matriz unificada utilizando media geométrica...

(1.000, 1.000, 1.000) (0.511, 0.630, 0.794) (0.138, 0.160, 0.191) (0.303, 0.342, 0.397) 
(1.260, 1.587, 1.957) (1.000, 1.000, 1.000) (0.218, 0.281, 0.397) (0.218, 0.281, 0.397) 
(5.241, 6.257, 7.268) (2.520, 3.557, 4.579) (1.000, 1.000, 1.000) (1.587, 2.080, 2.520) 
(2.520, 2.924, 3.302) (2.520, 3.557, 4.579) (0.397, 0.481, 0.630) (1.000, 1.000, 1.000) 

Aplicando FuzzyAHP sobre la matriz unificada...

(0.068, 0.083, 0.105) (0.089, 0.117, 0.164) (0.392, 0.507, 0.644) (0.220, 0.287, 0.383) 
Nombre hoja:SubcriteriosVsC1

Leyendo matrices de los excel de cada muestras...



Sustituyendo nulos y campos no numéricos por 0...
A =

   1.00000   0.33333   1.00000
   0.00000   1.00000   5.00000
   0.00000   0.00000   1.00000

B =

   1.00000   5.00000   0.33333
   0.00000   1.00000   0.14286
   0.00000   0.00000   1.00000

C =

   1   5   7
   0   1   5
   0   0   1

Verificando consistencia de muestra A:
Índice de consistencia: -1.72
Verificando consistencia de muestra B:
Índice de consistencia: -1.72
Verificando consistencia de muestra C:
Índice de consistencia: -1.72

Convirtiendo matrices crisp por su equivalente fuzzy...
A:

(1.000, 1.000, 1.000) (0.250, 0.333, 0.500) (1.000, 1.000, 1.000) 
(2.000, 3.000, 4.000) (1.000, 1.000, 1.000) (4.000, 5.000, 6.000) 
(1.000, 1.000, 1.000) (0.167, 0.200, 0.250) (1.000, 1.000, 1.000) 
B:

(1.000, 1.000, 1.000) (4.000, 5.000, 6.000) (0.250, 0.333, 0.500) 
(0.167, 0.200, 0.250) (1.000, 1.000, 1.000) (0.125, 0.143, 0.167) 
(2.000, 3.000, 4.000) (6.000, 7.000, 8.000) (1.000, 1.000, 1.000) 
C:

(1.000, 1.000, 1.000) (4.000, 5.000, 6.000) (6.000, 7.000, 8.000) 
(0.167, 0.200, 0.250) (1.000, 1.000, 1.000) (4.000, 5.000, 6.000) 
(0.125, 0.143, 0.167) (0.167, 0.200, 0.250) (1.000, 1.000, 1.000) 

Creando matriz unificada utilizando media geométrica...

(1.000, 1.000, 1.000) (1.587, 2.027, 2.621) (1.145, 1.326, 1.587) 
(0.382, 0.493, 0.630) (1.000, 1.000, 1.000) (1.260, 1.529, 1.817) 
(0.630, 0.754, 0.874) (0.550, 0.654, 0.794) (1.000, 1.000, 1.000) 

Aplicando FuzzyAHP sobre la matriz unificada...

(0.365, 0.445, 0.553) (0.230, 0.290, 0.361) (0.210, 0.253, 0.303) 
Nombre hoja:SubcriteriosVsC2

Leyendo matrices de los excel de cada muestras...



Sustituyendo nulos y campos no numéricos por 0...
A =

   1.00000   7.00000   3.00000   5.00000
   0.00000   1.00000   0.33333   3.00000
   0.00000   0.00000   1.00000   0.33333
   0.00000   0.00000   0.00000   1.00000

B =

   1.00000   0.33333   1.00000   1.00000
   0.00000   1.00000   5.00000   3.00000
   0.00000   0.00000   1.00000   0.33333
   0.00000   0.00000   0.00000   1.00000

C =

   1   3   9   7
   0   1   5   7
   0   0   1   3
   0   0   0   1

Verificando consistencia de muestra A:
Índice de consistencia: -1.11
Verificando consistencia de muestra B:
Índice de consistencia: -1.11
Verificando consistencia de muestra C:
Índice de consistencia: -1.11

Convirtiendo matrices crisp por su equivalente fuzzy...
A:

(1.000, 1.000, 1.000) (6.000, 7.000, 8.000) (2.000, 3.000, 4.000) (4.000, 5.000, 6.000) 
(0.125, 0.143, 0.167) (1.000, 1.000, 1.000) (0.250, 0.333, 0.500) (2.000, 3.000, 4.000) 
(0.250, 0.333, 0.500) (2.000, 3.000, 4.000) (1.000, 1.000, 1.000) (0.250, 0.333, 0.500) 
(0.167, 0.200, 0.250) (0.250, 0.333, 0.500) (2.000, 3.000, 4.000) (1.000, 1.000, 1.000) 
B:

(1.000, 1.000, 1.000) (0.250, 0.333, 0.500) (1.000, 1.000, 1.000) (1.000, 1.000, 1.000) 
(2.000, 3.000, 4.000) (1.000, 1.000, 1.000) (4.000, 5.000, 6.000) (2.000, 3.000, 4.000) 
(1.000, 1.000, 1.000) (0.167, 0.200, 0.250) (1.000, 1.000, 1.000) (0.250, 0.333, 0.500) 
(1.000, 1.000, 1.000) (0.250, 0.333, 0.500) (2.000, 3.000, 4.000) (1.000, 1.000, 1.000) 
C:

(1.000, 1.000, 1.000) (2.000, 3.000, 4.000) (8.000, 9.000, 10.000) (6.000, 7.000, 8.000) 
(0.250, 0.333, 0.500) (1.000, 1.000, 1.000) (4.000, 5.000, 6.000) (6.000, 7.000, 8.000) 
(0.100, 0.111, 0.125) (0.167, 0.200, 0.250) (1.000, 1.000, 1.000) (2.000, 3.000, 4.000) 
(0.125, 0.143, 0.167) (0.125, 0.143, 0.167) (0.250, 0.333, 0.500) (1.000, 1.000, 1.000) 

Creando matriz unificada utilizando media geométrica...

(1.000, 1.000, 1.000) (1.442, 1.913, 2.520) (2.520, 3.000, 3.420) (2.884, 3.271, 3.634) 
(0.397, 0.523, 0.693) (1.000, 1.000, 1.000) (1.587, 2.027, 2.621) (2.884, 3.979, 5.040) 
(0.292, 0.333, 0.397) (0.382, 0.493, 0.630) (1.000, 1.000, 1.000) (0.500, 0.693, 1.000) 
(0.275, 0.306, 0.347) (0.198, 0.251, 0.347) (1.000, 1.442, 2.000) (1.000, 1.000, 1.000) 

Aplicando FuzzyAHP sobre la matriz unificada...

(0.352, 0.438, 0.542) (0.221, 0.306, 0.420) (0.096, 0.124, 0.164) (0.093, 0.123, 0.169) 
Nombre hoja:SubcriteriosVsC3

Leyendo matrices de los excel de cada muestras...



Sustituyendo nulos y campos no numéricos por 0...
A =

   1.00000   0.20000   0.14286   0.33333
   0.00000   1.00000   0.20000   3.00000
   0.00000   0.00000   1.00000   5.00000
   0.00000   0.00000   0.00000   1.00000

B =

   1.00000   1.00000   0.14286   7.00000
   0.00000   1.00000   0.14286   3.00000
   0.00000   0.00000   1.00000   7.00000
   0.00000   0.00000   0.00000   1.00000

C =

   1.00000   3.00000   0.33333   5.00000
   0.00000   1.00000   0.33333   5.00000
   0.00000   0.00000   1.00000   7.00000
   0.00000   0.00000   0.00000   1.00000

Verificando consistencia de muestra A:
Índice de consistencia: -1.11
Verificando consistencia de muestra B:
Índice de consistencia: -1.11
Verificando consistencia de muestra C:
Índice de consistencia: -1.11

Convirtiendo matrices crisp por su equivalente fuzzy...
A:

(1.000, 1.000, 1.000) (0.167, 0.200, 0.250) (0.125, 0.143, 0.167) (0.250, 0.333, 0.500) 
(4.000, 5.000, 6.000) (1.000, 1.000, 1.000) (0.167, 0.200, 0.250) (2.000, 3.000, 4.000) 
(6.000, 7.000, 8.000) (4.000, 5.000, 6.000) (1.000, 1.000, 1.000) (4.000, 5.000, 6.000) 
(2.000, 3.000, 4.000) (0.250, 0.333, 0.500) (0.167, 0.200, 0.250) (1.000, 1.000, 1.000) 
B:

(1.000, 1.000, 1.000) (1.000, 1.000, 1.000) (0.125, 0.143, 0.167) (6.000, 7.000, 8.000) 
(1.000, 1.000, 1.000) (1.000, 1.000, 1.000) (0.125, 0.143, 0.167) (2.000, 3.000, 4.000) 
(6.000, 7.000, 8.000) (6.000, 7.000, 8.000) (1.000, 1.000, 1.000) (6.000, 7.000, 8.000) 
(0.125, 0.143, 0.167) (0.250, 0.333, 0.500) (0.125, 0.143, 0.167) (1.000, 1.000, 1.000) 
C:

(1.000, 1.000, 1.000) (2.000, 3.000, 4.000) (0.250, 0.333, 0.500) (4.000, 5.000, 6.000) 
(0.250, 0.333, 0.500) (1.000, 1.000, 1.000) (0.250, 0.333, 0.500) (4.000, 5.000, 6.000) 
(2.000, 3.000, 4.000) (2.000, 3.000, 4.000) (1.000, 1.000, 1.000) (6.000, 7.000, 8.000) 
(0.167, 0.200, 0.250) (0.167, 0.200, 0.250) (0.125, 0.143, 0.167) (1.000, 1.000, 1.000) 

Creando matriz unificada utilizando media geométrica...

(1.000, 1.000, 1.000) (0.693, 0.843, 1.000) (0.157, 0.189, 0.240) (1.817, 2.268, 2.884) 
(1.000, 1.186, 1.442) (1.000, 1.000, 1.000) (0.173, 0.212, 0.275) (2.520, 3.557, 4.579) 
(4.160, 5.278, 6.350) (3.634, 4.718, 5.769) (1.000, 1.000, 1.000) (5.241, 6.257, 7.268) 
(0.347, 0.441, 0.550) (0.218, 0.281, 0.397) (0.138, 0.160, 0.191) (1.000, 1.000, 1.000) 

Aplicando FuzzyAHP sobre la matriz unificada...

(0.106, 0.136, 0.183) (0.128, 0.174, 0.242) (0.494, 0.614, 0.763) (0.056, 0.070, 0.092) 
Nombre hoja:SubcriteriosVsC4

Leyendo matrices de los excel de cada muestras...



Sustituyendo nulos y campos no numéricos por 0...
A =

   1   5   7
   0   1   3
   0   0   1

B =

   1.00000   0.20000   2.00000
   0.00000   1.00000   5.00000
   0.00000   0.00000   1.00000

C =

   1   3   7
   0   1   3
   0   0   1

Verificando consistencia de muestra A:
Índice de consistencia: -1.72
Verificando consistencia de muestra B:
Índice de consistencia: -1.72
Verificando consistencia de muestra C:
Índice de consistencia: -1.72

Convirtiendo matrices crisp por su equivalente fuzzy...
A:

(1.000, 1.000, 1.000) (4.000, 5.000, 6.000) (6.000, 7.000, 8.000) 
(0.167, 0.200, 0.250) (1.000, 1.000, 1.000) (2.000, 3.000, 4.000) 
(0.125, 0.143, 0.167) (0.250, 0.333, 0.500) (1.000, 1.000, 1.000) 
B:

(1.000, 1.000, 1.000) (0.167, 0.200, 0.250) (1.000, 2.000, 3.000) 
(4.000, 5.000, 6.000) (1.000, 1.000, 1.000) (4.000, 5.000, 6.000) 
(0.333, 0.500, 1.000) (0.167, 0.200, 0.250) (1.000, 1.000, 1.000) 
C:

(1.000, 1.000, 1.000) (2.000, 3.000, 4.000) (6.000, 7.000, 8.000) 
(0.250, 0.333, 0.500) (1.000, 1.000, 1.000) (2.000, 3.000, 4.000) 
(0.125, 0.143, 0.167) (0.250, 0.333, 0.500) (1.000, 1.000, 1.000) 

Creando matriz unificada utilizando media geométrica...

(1.000, 1.000, 1.000) (1.101, 1.442, 1.817) (3.302, 4.610, 5.769) 
(0.550, 0.693, 0.909) (1.000, 1.000, 1.000) (2.520, 3.557, 4.579) 
(0.173, 0.217, 0.303) (0.218, 0.281, 0.397) (1.000, 1.000, 1.000) 

Aplicando FuzzyAHP sobre la matriz unificada...

(0.387, 0.517, 0.685) (0.277, 0.374, 0.514) (0.086, 0.109, 0.152) 
Nombre hoja:ProyVsML

Leyendo matrices de los excel de cada muestras...



Sustituyendo nulos y campos no numéricos por 0...
A =

   1.00000   5.00000   3.00000   7.00000   3.00000
   0.00000   1.00000   3.00000   3.00000   3.00000
   0.00000   0.00000   1.00000   3.00000   1.00000
   0.00000   0.00000   0.00000   1.00000   0.20000
   0.00000   0.00000   0.00000   0.00000   1.00000

B =

   1.00000   0.14286   0.33333   5.00000   1.00000
   0.00000   1.00000   7.00000   7.00000   7.00000
   0.00000   0.00000   1.00000   3.00000   3.00000
   0.00000   0.00000   0.00000   1.00000   0.33333
   0.00000   0.00000   0.00000   0.00000   1.00000

C =

   1.00000   0.11111   0.14286   0.14286   0.33333
   0.00000   1.00000   5.00000   7.00000   7.00000
   0.00000   0.00000   1.00000   3.00000   3.00000
   0.00000   0.00000   0.00000   1.00000   3.00000
   0.00000   0.00000   0.00000   0.00000   1.00000

Verificando consistencia de muestra A:
Índice de consistencia: -0.89
Verificando consistencia de muestra B:
Índice de consistencia: -0.89
Verificando consistencia de muestra C:
Índice de consistencia: -0.89

Convirtiendo matrices crisp por su equivalente fuzzy...
A:

(1.000, 1.000, 1.000) (4.000, 5.000, 6.000) (2.000, 3.000, 4.000) (6.000, 7.000, 8.000) (2.000, 3.000, 4.000) 
(0.167, 0.200, 0.250) (1.000, 1.000, 1.000) (2.000, 3.000, 4.000) (2.000, 3.000, 4.000) (2.000, 3.000, 4.000) 
(0.250, 0.333, 0.500) (0.250, 0.333, 0.500) (1.000, 1.000, 1.000) (2.000, 3.000, 4.000) (1.000, 1.000, 1.000) 
(0.125, 0.143, 0.167) (0.250, 0.333, 0.500) (0.250, 0.333, 0.500) (1.000, 1.000, 1.000) (0.167, 0.200, 0.250) 
(0.250, 0.333, 0.500) (0.250, 0.333, 0.500) (1.000, 1.000, 1.000) (4.000, 5.000, 6.000) (1.000, 1.000, 1.000) 
B:

(1.000, 1.000, 1.000) (0.125, 0.143, 0.167) (0.250, 0.333, 0.500) (4.000, 5.000, 6.000) (1.000, 1.000, 1.000) 
(6.000, 7.000, 8.000) (1.000, 1.000, 1.000) (6.000, 7.000, 8.000) (6.000, 7.000, 8.000) (6.000, 7.000, 8.000) 
(2.000, 3.000, 4.000) (0.125, 0.143, 0.167) (1.000, 1.000, 1.000) (2.000, 3.000, 4.000) (2.000, 3.000, 4.000) 
(0.167, 0.200, 0.250) (0.125, 0.143, 0.167) (0.250, 0.333, 0.500) (1.000, 1.000, 1.000) (0.250, 0.333, 0.500) 
(1.000, 1.000, 1.000) (0.125, 0.143, 0.167) (0.250, 0.333, 0.500) (2.000, 3.000, 4.000) (1.000, 1.000, 1.000) 
C:

(1.000, 1.000, 1.000) (0.100, 0.111, 0.125) (0.125, 0.143, 0.167) (0.125, 0.143, 0.167) (0.250, 0.333, 0.500) 
(8.000, 9.000, 10.000) (1.000, 1.000, 1.000) (4.000, 5.000, 6.000) (6.000, 7.000, 8.000) (6.000, 7.000, 8.000) 
(6.000, 7.000, 8.000) (0.167, 0.200, 0.250) (1.000, 1.000, 1.000) (2.000, 3.000, 4.000) (2.000, 3.000, 4.000) 
(6.000, 7.000, 8.000) (0.125, 0.143, 0.167) (0.250, 0.333, 0.500) (1.000, 1.000, 1.000) (2.000, 3.000, 4.000) 
(2.000, 3.000, 4.000) (0.125, 0.143, 0.167) (0.250, 0.333, 0.500) (0.250, 0.333, 0.500) (1.000, 1.000, 1.000) 

Creando matriz unificada utilizando media geométrica...

(1.000, 1.000, 1.000) (0.368, 0.430, 0.500) (0.397, 0.523, 0.693) (1.442, 1.710, 2.000) (0.794, 1.000, 1.260) 
(2.000, 2.327, 2.714) (1.000, 1.000, 1.000) (3.634, 4.718, 5.769) (4.160, 5.278, 6.350) (4.160, 5.278, 6.350) 
(1.442, 1.913, 2.520) (0.173, 0.212, 0.275) (1.000, 1.000, 1.000) (2.000, 3.000, 4.000) (1.587, 2.080, 2.520) 
(0.500, 0.585, 0.693) (0.157, 0.189, 0.240) (0.250, 0.333, 0.500) (1.000, 1.000, 1.000) (0.437, 0.585, 0.794) 
(0.794, 1.000, 1.260) (0.157, 0.189, 0.240) (0.397, 0.481, 0.630) (1.260, 1.710, 2.289) (1.000, 1.000, 1.000) 

Aplicando FuzzyAHP sobre la matriz unificada...

(0.104, 0.134, 0.175) (0.382, 0.489, 0.626) (0.125, 0.177, 0.254) (0.057, 0.074, 0.103) (0.081, 0.107, 0.150) 
Nombre hoja:ProyVsFE

Leyendo matrices de los excel de cada muestras...



Sustituyendo nulos y campos no numéricos por 0...
A =

   1.00000   5.00000   0.20000   0.33333   0.14286
   0.00000   1.00000   0.20000   0.33333   0.14286
   0.00000   0.00000   1.00000   1.00000   0.33333
   0.00000   0.00000   0.00000   1.00000   0.20000
   0.00000   0.00000   0.00000   0.00000   1.00000

B =

   1.00000   0.14286   1.00000   0.11111   1.00000
   0.00000   1.00000   7.00000   0.14286   7.00000
   0.00000   0.00000   1.00000   0.11111   1.00000
   0.00000   0.00000   0.00000   1.00000   9.00000
   0.00000   0.00000   0.00000   0.00000   1.00000

C =

   1.00000   0.14286   0.33333   0.14286   0.20000
   0.00000   1.00000   5.00000   0.33333   5.00000
   0.00000   0.00000   1.00000   0.20000   0.33333
   0.00000   0.00000   0.00000   1.00000   7.00000
   0.00000   0.00000   0.00000   0.00000   1.00000

Verificando consistencia de muestra A:
Índice de consistencia: -0.89
Verificando consistencia de muestra B:
Índice de consistencia: -0.89
Verificando consistencia de muestra C:
Índice de consistencia: -0.89

Convirtiendo matrices crisp por su equivalente fuzzy...
A:

(1.000, 1.000, 1.000) (4.000, 5.000, 6.000) (0.167, 0.200, 0.250) (0.250, 0.333, 0.500) (0.125, 0.143, 0.167) 
(0.167, 0.200, 0.250) (1.000, 1.000, 1.000) (0.167, 0.200, 0.250) (0.250, 0.333, 0.500) (0.125, 0.143, 0.167) 
(4.000, 5.000, 6.000) (4.000, 5.000, 6.000) (1.000, 1.000, 1.000) (1.000, 1.000, 1.000) (0.250, 0.333, 0.500) 
(2.000, 3.000, 4.000) (2.000, 3.000, 4.000) (1.000, 1.000, 1.000) (1.000, 1.000, 1.000) (0.167, 0.200, 0.250) 
(6.000, 7.000, 8.000) (6.000, 7.000, 8.000) (2.000, 3.000, 4.000) (4.000, 5.000, 6.000) (1.000, 1.000, 1.000) 
B:

(1.000, 1.000, 1.000) (0.125, 0.143, 0.167) (1.000, 1.000, 1.000) (0.100, 0.111, 0.125) (1.000, 1.000, 1.000) 
(6.000, 7.000, 8.000) (1.000, 1.000, 1.000) (6.000, 7.000, 8.000) (0.125, 0.143, 0.167) (6.000, 7.000, 8.000) 
(1.000, 1.000, 1.000) (0.125, 0.143, 0.167) (1.000, 1.000, 1.000) (0.100, 0.111, 0.125) (1.000, 1.000, 1.000) 
(8.000, 9.000, 10.000) (6.000, 7.000, 8.000) (8.000, 9.000, 10.000) (1.000, 1.000, 1.000) (8.000, 9.000, 10.000) 
(1.000, 1.000, 1.000) (0.125, 0.143, 0.167) (1.000, 1.000, 1.000) (0.100, 0.111, 0.125) (1.000, 1.000, 1.000) 
C:

(1.000, 1.000, 1.000) (0.125, 0.143, 0.167) (0.250, 0.333, 0.500) (0.125, 0.143, 0.167) (0.167, 0.200, 0.250) 
(6.000, 7.000, 8.000) (1.000, 1.000, 1.000) (4.000, 5.000, 6.000) (0.250, 0.333, 0.500) (4.000, 5.000, 6.000) 
(2.000, 3.000, 4.000) (0.167, 0.200, 0.250) (1.000, 1.000, 1.000) (0.167, 0.200, 0.250) (0.250, 0.333, 0.500) 
(6.000, 7.000, 8.000) (2.000, 3.000, 4.000) (4.000, 5.000, 6.000) (1.000, 1.000, 1.000) (6.000, 7.000, 8.000) 
(4.000, 5.000, 6.000) (0.167, 0.200, 0.250) (2.000, 3.000, 4.000) (0.125, 0.143, 0.167) (1.000, 1.000, 1.000) 

Creando matriz unificada utilizando media geométrica...

(1.000, 1.000, 1.000) (0.397, 0.467, 0.550) (0.347, 0.405, 0.500) (0.146, 0.174, 0.218) (0.275, 0.306, 0.347) 
(1.817, 2.140, 2.520) (1.000, 1.000, 1.000) (1.587, 1.913, 2.289) (0.198, 0.251, 0.347) (1.442, 1.710, 2.000) 
(2.000, 2.466, 2.884) (0.437, 0.523, 0.630) (1.000, 1.000, 1.000) (0.255, 0.281, 0.315) (0.397, 0.481, 0.630) 
(4.579, 5.739, 6.840) (2.884, 3.979, 5.040) (3.175, 3.557, 3.915) (1.000, 1.000, 1.000) (2.000, 2.327, 2.714) 
(2.884, 3.271, 3.634) (0.500, 0.585, 0.693) (1.587, 2.080, 2.520) (0.368, 0.430, 0.500) (1.000, 1.000, 1.000) 

Aplicando FuzzyAHP sobre la matriz unificada...

(0.054, 0.065, 0.081) (0.132, 0.168, 0.222) (0.095, 0.118, 0.150) (0.365, 0.452, 0.556) (0.147, 0.183, 0.227) 
Nombre hoja:ProyVsFT

Leyendo matrices de los excel de cada muestras...



Sustituyendo nulos y campos no numéricos por 0...
A =

   1.00000   0.33333   0.20000   0.14286   0.11111
   0.00000   1.00000   0.33333   0.33333   0.14286
   0.00000   0.00000   1.00000   3.00000   1.00000
   0.00000   0.00000   0.00000   1.00000   1.00000
   0.00000   0.00000   0.00000   0.00000   1.00000

B =

   1.00000   0.20000   1.00000   0.11111   1.00000
   0.00000   1.00000   5.00000   0.11111   3.00000
   0.00000   0.00000   1.00000   5.00000   1.00000
   0.00000   0.00000   0.00000   1.00000   9.00000
   0.00000   0.00000   0.00000   0.00000   1.00000

C =

   1.00000   0.20000   0.33333   0.11111   0.20000
   0.00000   1.00000   5.00000   0.33333   3.00000
   0.00000   0.00000   1.00000   0.11111   0.33333
   0.00000   0.00000   0.00000   1.00000   9.00000
   0.00000   0.00000   0.00000   0.00000   1.00000

Verificando consistencia de muestra A:
Índice de consistencia: -0.89
Verificando consistencia de muestra B:
Índice de consistencia: -0.89
Verificando consistencia de muestra C:
Índice de consistencia: -0.89

Convirtiendo matrices crisp por su equivalente fuzzy...
A:

(1.000, 1.000, 1.000) (0.250, 0.333, 0.500) (0.167, 0.200, 0.250) (0.125, 0.143, 0.167) (0.100, 0.111, 0.125) 
(2.000, 3.000, 4.000) (1.000, 1.000, 1.000) (0.250, 0.333, 0.500) (0.250, 0.333, 0.500) (0.125, 0.143, 0.167) 
(4.000, 5.000, 6.000) (2.000, 3.000, 4.000) (1.000, 1.000, 1.000) (2.000, 3.000, 4.000) (1.000, 1.000, 1.000) 
(6.000, 7.000, 8.000) (2.000, 3.000, 4.000) (0.250, 0.333, 0.500) (1.000, 1.000, 1.000) (1.000, 1.000, 1.000) 
(8.000, 9.000, 10.000) (6.000, 7.000, 8.000) (1.000, 1.000, 1.000) (1.000, 1.000, 1.000) (1.000, 1.000, 1.000) 
B:

(1.000, 1.000, 1.000) (0.167, 0.200, 0.250) (1.000, 1.000, 1.000) (0.100, 0.111, 0.125) (1.000, 1.000, 1.000) 
(4.000, 5.000, 6.000) (1.000, 1.000, 1.000) (4.000, 5.000, 6.000) (0.100, 0.111, 0.125) (2.000, 3.000, 4.000) 
(1.000, 1.000, 1.000) (0.167, 0.200, 0.250) (1.000, 1.000, 1.000) (4.000, 5.000, 6.000) (1.000, 1.000, 1.000) 
(8.000, 9.000, 10.000) (8.000, 9.000, 10.000) (0.167, 0.200, 0.250) (1.000, 1.000, 1.000) (8.000, 9.000, 10.000) 
(1.000, 1.000, 1.000) (0.250, 0.333, 0.500) (1.000, 1.000, 1.000) (0.100, 0.111, 0.125) (1.000, 1.000, 1.000) 
C:

(1.000, 1.000, 1.000) (0.167, 0.200, 0.250) (0.250, 0.333, 0.500) (0.100, 0.111, 0.125) (0.167, 0.200, 0.250) 
(4.000, 5.000, 6.000) (1.000, 1.000, 1.000) (4.000, 5.000, 6.000) (0.250, 0.333, 0.500) (2.000, 3.000, 4.000) 
(2.000, 3.000, 4.000) (0.167, 0.200, 0.250) (1.000, 1.000, 1.000) (0.100, 0.111, 0.125) (0.250, 0.333, 0.500) 
(8.000, 9.000, 10.000) (2.000, 3.000, 4.000) (8.000, 9.000, 10.000) (1.000, 1.000, 1.000) (8.000, 9.000, 10.000) 
(4.000, 5.000, 6.000) (0.250, 0.333, 0.500) (2.000, 3.000, 4.000) (0.100, 0.111, 0.125) (1.000, 1.000, 1.000) 

Creando matriz unificada utilizando media geométrica...

(1.000, 1.000, 1.000) (0.191, 0.237, 0.315) (0.347, 0.405, 0.500) (0.108, 0.121, 0.138) (0.255, 0.281, 0.315) 
(3.175, 4.217, 5.241) (1.000, 1.000, 1.000) (1.587, 2.027, 2.621) (0.184, 0.231, 0.315) (0.794, 1.087, 1.387) 
(2.000, 2.466, 2.884) (0.382, 0.493, 0.630) (1.000, 1.000, 1.000) (0.928, 1.186, 1.442) (0.630, 0.693, 0.794) 
(7.268, 8.277, 9.283) (3.175, 4.327, 5.429) (0.693, 0.843, 1.077) (1.000, 1.000, 1.000) (4.000, 4.327, 4.642) 
(3.175, 3.557, 3.915) (0.721, 0.920, 1.260) (1.260, 1.442, 1.587) (0.215, 0.231, 0.250) (1.000, 1.000, 1.000) 

Aplicando FuzzyAHP sobre la matriz unificada...

(0.042, 0.050, 0.062) (0.127, 0.173, 0.238) (0.124, 0.156, 0.196) (0.324, 0.402, 0.502) (0.126, 0.152, 0.186) 
Nombre hoja:ProyVsNP

Leyendo matrices de los excel de cada muestras...



Sustituyendo nulos y campos no numéricos por 0...
A =

   1.00000   3.00000   3.00000   3.00000   3.00000
   0.00000   1.00000   3.00000   3.00000   3.00000
   0.00000   0.00000   1.00000   3.00000   1.00000
   0.00000   0.00000   0.00000   1.00000   0.33333
   0.00000   0.00000   0.00000   0.00000   1.00000

B =

   1.00000   7.00000   7.00000   7.00000   1.00000
   0.00000   1.00000   0.20000   0.33333   0.14286
   0.00000   0.00000   1.00000   3.00000   0.14286
   0.00000   0.00000   0.00000   1.00000   0.14286
   0.00000   0.00000   0.00000   0.00000   1.00000

C =

   1.00000   7.00000   5.00000   7.00000   0.33333
   0.00000   1.00000   0.33333   0.33333   0.14286
   0.00000   0.00000   1.00000   3.00000   0.14286
   0.00000   0.00000   0.00000   1.00000   0.14286
   0.00000   0.00000   0.00000   0.00000   1.00000

Verificando consistencia de muestra A:
Índice de consistencia: -0.89
Verificando consistencia de muestra B:
Índice de consistencia: -0.89
Verificando consistencia de muestra C:
Índice de consistencia: -0.89

Convirtiendo matrices crisp por su equivalente fuzzy...
A:

(1.000, 1.000, 1.000) (2.000, 3.000, 4.000) (2.000, 3.000, 4.000) (2.000, 3.000, 4.000) (2.000, 3.000, 4.000) 
(0.250, 0.333, 0.500) (1.000, 1.000, 1.000) (2.000, 3.000, 4.000) (2.000, 3.000, 4.000) (2.000, 3.000, 4.000) 
(0.250, 0.333, 0.500) (0.250, 0.333, 0.500) (1.000, 1.000, 1.000) (2.000, 3.000, 4.000) (1.000, 1.000, 1.000) 
(0.250, 0.333, 0.500) (0.250, 0.333, 0.500) (0.250, 0.333, 0.500) (1.000, 1.000, 1.000) (0.250, 0.333, 0.500) 
(0.250, 0.333, 0.500) (0.250, 0.333, 0.500) (1.000, 1.000, 1.000) (2.000, 3.000, 4.000) (1.000, 1.000, 1.000) 
B:

(1.000, 1.000, 1.000) (6.000, 7.000, 8.000) (6.000, 7.000, 8.000) (6.000, 7.000, 8.000) (1.000, 1.000, 1.000) 
(0.125, 0.143, 0.167) (1.000, 1.000, 1.000) (0.167, 0.200, 0.250) (0.250, 0.333, 0.500) (0.125, 0.143, 0.167) 
(0.125, 0.143, 0.167) (4.000, 5.000, 6.000) (1.000, 1.000, 1.000) (2.000, 3.000, 4.000) (0.125, 0.143, 0.167) 
(0.125, 0.143, 0.167) (2.000, 3.000, 4.000) (0.250, 0.333, 0.500) (1.000, 1.000, 1.000) (0.125, 0.143, 0.167) 
(1.000, 1.000, 1.000) (6.000, 7.000, 8.000) (6.000, 7.000, 8.000) (6.000, 7.000, 8.000) (1.000, 1.000, 1.000) 
C:

(1.000, 1.000, 1.000) (6.000, 7.000, 8.000) (4.000, 5.000, 6.000) (6.000, 7.000, 8.000) (0.250, 0.333, 0.500) 
(0.125, 0.143, 0.167) (1.000, 1.000, 1.000) (0.250, 0.333, 0.500) (0.250, 0.333, 0.500) (0.125, 0.143, 0.167) 
(0.167, 0.200, 0.250) (2.000, 3.000, 4.000) (1.000, 1.000, 1.000) (2.000, 3.000, 4.000) (0.125, 0.143, 0.167) 
(0.125, 0.143, 0.167) (2.000, 3.000, 4.000) (0.250, 0.333, 0.500) (1.000, 1.000, 1.000) (0.125, 0.143, 0.167) 
(2.000, 3.000, 4.000) (6.000, 7.000, 8.000) (6.000, 7.000, 8.000) (6.000, 7.000, 8.000) (1.000, 1.000, 1.000) 

Creando matriz unificada utilizando media geométrica...

(1.000, 1.000, 1.000) (4.160, 5.278, 6.350) (3.634, 4.718, 5.769) (4.160, 5.278, 6.350) (0.794, 1.000, 1.260) 
(0.157, 0.189, 0.240) (1.000, 1.000, 1.000) (0.437, 0.585, 0.794) (0.500, 0.693, 1.000) (0.315, 0.394, 0.481) 
(0.173, 0.212, 0.275) (1.260, 1.710, 2.289) (1.000, 1.000, 1.000) (2.000, 3.000, 4.000) (0.250, 0.273, 0.303) 
(0.157, 0.189, 0.240) (1.000, 1.442, 2.000) (0.250, 0.333, 0.500) (1.000, 1.000, 1.000) (0.157, 0.189, 0.240) 
(0.794, 1.000, 1.260) (2.080, 2.537, 3.175) (3.302, 3.659, 4.000) (4.160, 5.278, 6.350) (1.000, 1.000, 1.000) 

Aplicando FuzzyAHP sobre la matriz unificada...

(0.298, 0.394, 0.517) (0.057, 0.075, 0.103) (0.087, 0.121, 0.171) (0.051, 0.070, 0.100) (0.262, 0.332, 0.426) 
Nombre hoja:ProyVsTH

Leyendo matrices de los excel de cada muestras...



Sustituyendo nulos y campos no numéricos por 0...
A =

   1.00000   0.14286   0.20000   3.00000   0.33333
   0.00000   1.00000   3.00000   9.00000   5.00000
   0.00000   0.00000   1.00000   5.00000   3.00000
   0.00000   0.00000   0.00000   1.00000   0.20000
   0.00000   0.00000   0.00000   0.00000   1.00000

B =

   1.00000   7.00000   1.00000   9.00000   1.00000
   0.00000   1.00000   0.20000   9.00000   0.20000
   0.00000   0.00000   1.00000   9.00000   1.00000
   0.00000   0.00000   0.00000   1.00000   0.11111
   0.00000   0.00000   0.00000   0.00000   1.00000

C =

   1.00000   0.20000   1.00000   0.14286   1.00000
   0.00000   1.00000   7.00000   5.00000   7.00000
   0.00000   0.00000   1.00000   7.00000   1.00000
   0.00000   0.00000   0.00000   1.00000   5.00000
   0.00000   0.00000   0.00000   0.00000   1.00000

Verificando consistencia de muestra A:
Índice de consistencia: -0.89
Verificando consistencia de muestra B:
Índice de consistencia: -0.89
Verificando consistencia de muestra C:
Índice de consistencia: -0.89

Convirtiendo matrices crisp por su equivalente fuzzy...
A:

(1.000, 1.000, 1.000) (0.125, 0.143, 0.167) (0.167, 0.200, 0.250) (2.000, 3.000, 4.000) (0.250, 0.333, 0.500) 
(6.000, 7.000, 8.000) (1.000, 1.000, 1.000) (2.000, 3.000, 4.000) (8.000, 9.000, 10.000) (4.000, 5.000, 6.000) 
(4.000, 5.000, 6.000) (0.250, 0.333, 0.500) (1.000, 1.000, 1.000) (4.000, 5.000, 6.000) (2.000, 3.000, 4.000) 
(0.250, 0.333, 0.500) (0.100, 0.111, 0.125) (0.167, 0.200, 0.250) (1.000, 1.000, 1.000) (0.167, 0.200, 0.250) 
(2.000, 3.000, 4.000) (0.167, 0.200, 0.250) (0.250, 0.333, 0.500) (4.000, 5.000, 6.000) (1.000, 1.000, 1.000) 
B:

(1.000, 1.000, 1.000) (6.000, 7.000, 8.000) (1.000, 1.000, 1.000) (8.000, 9.000, 10.000) (1.000, 1.000, 1.000) 
(0.125, 0.143, 0.167) (1.000, 1.000, 1.000) (0.167, 0.200, 0.250) (8.000, 9.000, 10.000) (0.167, 0.200, 0.250) 
(1.000, 1.000, 1.000) (4.000, 5.000, 6.000) (1.000, 1.000, 1.000) (8.000, 9.000, 10.000) (1.000, 1.000, 1.000) 
(0.100, 0.111, 0.125) (0.100, 0.111, 0.125) (0.100, 0.111, 0.125) (1.000, 1.000, 1.000) (0.100, 0.111, 0.125) 
(1.000, 1.000, 1.000) (4.000, 5.000, 6.000) (1.000, 1.000, 1.000) (8.000, 9.000, 10.000) (1.000, 1.000, 1.000) 
C:

(1.000, 1.000, 1.000) (0.167, 0.200, 0.250) (1.000, 1.000, 1.000) (0.125, 0.143, 0.167) (1.000, 1.000, 1.000) 
(4.000, 5.000, 6.000) (1.000, 1.000, 1.000) (6.000, 7.000, 8.000) (4.000, 5.000, 6.000) (6.000, 7.000, 8.000) 
(1.000, 1.000, 1.000) (0.125, 0.143, 0.167) (1.000, 1.000, 1.000) (6.000, 7.000, 8.000) (1.000, 1.000, 1.000) 
(6.000, 7.000, 8.000) (0.167, 0.200, 0.250) (0.125, 0.143, 0.167) (1.000, 1.000, 1.000) (4.000, 5.000, 6.000) 
(1.000, 1.000, 1.000) (0.125, 0.143, 0.167) (1.000, 1.000, 1.000) (0.167, 0.200, 0.250) (1.000, 1.000, 1.000) 

Creando matriz unificada utilizando media geométrica...

(1.000, 1.000, 1.000) (0.500, 0.585, 0.693) (0.550, 0.585, 0.630) (1.260, 1.568, 1.882) (0.630, 0.693, 0.794) 
(1.442, 1.710, 2.000) (1.000, 1.000, 1.000) (1.260, 1.613, 2.000) (6.350, 7.399, 8.434) (1.587, 1.913, 2.289) 
(1.587, 1.710, 1.817) (0.500, 0.620, 0.794) (1.000, 1.000, 1.000) (5.769, 6.804, 7.830) (1.260, 1.442, 1.587) 
(0.531, 0.638, 0.794) (0.119, 0.135, 0.157) (0.128, 0.147, 0.173) (1.000, 1.000, 1.000) (0.405, 0.481, 0.572) 
(1.260, 1.442, 1.587) (0.437, 0.523, 0.630) (0.630, 0.693, 0.794) (1.747, 2.080, 2.466) (1.000, 1.000, 1.000) 

Aplicando FuzzyAHP sobre la matriz unificada...

(0.115, 0.136, 0.162) (0.288, 0.355, 0.434) (0.227, 0.277, 0.338) (0.049, 0.058, 0.072) (0.139, 0.166, 0.201) 
Nombre hoja:ProyVsDR

Leyendo matrices de los excel de cada muestras...



Sustituyendo nulos y campos no numéricos por 0...
A =

   1.00000   5.00000   3.00000   7.00000   0.33333
   0.00000   1.00000   0.33333   3.00000   0.14286
   0.00000   0.00000   1.00000   7.00000   0.20000
   0.00000   0.00000   0.00000   1.00000   0.11111
   0.00000   0.00000   0.00000   0.00000   1.00000

B =

   1.00000   5.00000   1.00000   3.00000   1.00000
   0.00000   1.00000   0.14286   0.20000   0.14286
   0.00000   0.00000   1.00000   3.00000   1.00000
   0.00000   0.00000   0.00000   1.00000   0.33333
   0.00000   0.00000   0.00000   0.00000   1.00000

C =

   1.00000   0.33333   3.00000   3.00000   3.00000
   0.00000   1.00000   3.00000   3.00000   3.00000
   0.00000   0.00000   1.00000   0.33333   1.00000
   0.00000   0.00000   0.00000   1.00000   3.00000
   0.00000   0.00000   0.00000   0.00000   1.00000

Verificando consistencia de muestra A:
Índice de consistencia: -0.89
Verificando consistencia de muestra B:
Índice de consistencia: -0.89
Verificando consistencia de muestra C:
Índice de consistencia: -0.89

Convirtiendo matrices crisp por su equivalente fuzzy...
A:

(1.000, 1.000, 1.000) (4.000, 5.000, 6.000) (2.000, 3.000, 4.000) (6.000, 7.000, 8.000) (0.250, 0.333, 0.500) 
(0.167, 0.200, 0.250) (1.000, 1.000, 1.000) (0.250, 0.333, 0.500) (2.000, 3.000, 4.000) (0.125, 0.143, 0.167) 
(0.250, 0.333, 0.500) (2.000, 3.000, 4.000) (1.000, 1.000, 1.000) (6.000, 7.000, 8.000) (0.167, 0.200, 0.250) 
(0.125, 0.143, 0.167) (0.250, 0.333, 0.500) (0.125, 0.143, 0.167) (1.000, 1.000, 1.000) (0.100, 0.111, 0.125) 
(2.000, 3.000, 4.000) (6.000, 7.000, 8.000) (4.000, 5.000, 6.000) (8.000, 9.000, 10.000) (1.000, 1.000, 1.000) 
B:

(1.000, 1.000, 1.000) (4.000, 5.000, 6.000) (1.000, 1.000, 1.000) (2.000, 3.000, 4.000) (1.000, 1.000, 1.000) 
(0.167, 0.200, 0.250) (1.000, 1.000, 1.000) (0.125, 0.143, 0.167) (0.167, 0.200, 0.250) (0.125, 0.143, 0.167) 
(1.000, 1.000, 1.000) (6.000, 7.000, 8.000) (1.000, 1.000, 1.000) (2.000, 3.000, 4.000) (1.000, 1.000, 1.000) 
(0.250, 0.333, 0.500) (4.000, 5.000, 6.000) (0.250, 0.333, 0.500) (1.000, 1.000, 1.000) (0.250, 0.333, 0.500) 
(1.000, 1.000, 1.000) (6.000, 7.000, 8.000) (1.000, 1.000, 1.000) (2.000, 3.000, 4.000) (1.000, 1.000, 1.000) 
C:

(1.000, 1.000, 1.000) (0.250, 0.333, 0.500) (2.000, 3.000, 4.000) (2.000, 3.000, 4.000) (2.000, 3.000, 4.000) 
(2.000, 3.000, 4.000) (1.000, 1.000, 1.000) (2.000, 3.000, 4.000) (2.000, 3.000, 4.000) (2.000, 3.000, 4.000) 
(0.250, 0.333, 0.500) (0.250, 0.333, 0.500) (1.000, 1.000, 1.000) (0.250, 0.333, 0.500) (1.000, 1.000, 1.000) 
(0.250, 0.333, 0.500) (0.250, 0.333, 0.500) (2.000, 3.000, 4.000) (1.000, 1.000, 1.000) (2.000, 3.000, 4.000) 
(0.250, 0.333, 0.500) (0.250, 0.333, 0.500) (1.000, 1.000, 1.000) (0.250, 0.333, 0.500) (1.000, 1.000, 1.000) 

Creando matriz unificada utilizando media geométrica...

(1.000, 1.000, 1.000) (1.587, 2.027, 2.621) (1.587, 2.080, 2.520) (2.884, 3.979, 5.040) (0.794, 1.000, 1.260) 
(0.382, 0.493, 0.630) (1.000, 1.000, 1.000) (0.397, 0.523, 0.693) (0.874, 1.216, 1.587) (0.315, 0.394, 0.481) 
(0.397, 0.481, 0.630) (1.442, 1.913, 2.520) (1.000, 1.000, 1.000) (1.442, 1.913, 2.520) (0.550, 0.585, 0.630) 
(0.198, 0.251, 0.347) (0.630, 0.822, 1.145) (0.397, 0.523, 0.693) (1.000, 1.000, 1.000) (0.368, 0.481, 0.630) 
(0.794, 1.000, 1.260) (2.080, 2.537, 3.175) (1.587, 1.710, 1.817) (1.587, 2.080, 2.714) (1.000, 1.000, 1.000) 

Aplicando FuzzyAHP sobre la matriz unificada...

(0.233, 0.318, 0.426) (0.087, 0.119, 0.161) (0.138, 0.181, 0.245) (0.073, 0.099, 0.140) (0.218, 0.279, 0.362) 
Nombre hoja:ProyVsNC

Leyendo matrices de los excel de cada muestras...



Sustituyendo nulos y campos no numéricos por 0...
A =

   1.00000   3.00000   5.00000   0.33333   5.00000
   0.00000   1.00000   5.00000   0.20000   5.00000
   0.00000   0.00000   1.00000   0.14286   0.33333
   0.00000   0.00000   0.00000   1.00000   7.00000
   0.00000   0.00000   0.00000   0.00000   1.00000

B =

   1.00000   7.00000   3.00000   5.00000   1.00000
   0.00000   1.00000   0.20000   0.33333   0.20000
   0.00000   0.00000   1.00000   5.00000   0.33333
   0.00000   0.00000   0.00000   1.00000   0.20000
   0.00000   0.00000   0.00000   0.00000   1.00000

C =

   1.00000   3.00000   0.33333   3.00000   0.33333
   0.00000   1.00000   0.20000   3.00000   0.33333
   0.00000   0.00000   1.00000   5.00000   3.00000
   0.00000   0.00000   0.00000   1.00000   0.14286
   0.00000   0.00000   0.00000   0.00000   1.00000

Verificando consistencia de muestra A:
Índice de consistencia: -0.89
Verificando consistencia de muestra B:
Índice de consistencia: -0.89
Verificando consistencia de muestra C:
Índice de consistencia: -0.89

Convirtiendo matrices crisp por su equivalente fuzzy...
A:

(1.000, 1.000, 1.000) (2.000, 3.000, 4.000) (4.000, 5.000, 6.000) (0.250, 0.333, 0.500) (4.000, 5.000, 6.000) 
(0.250, 0.333, 0.500) (1.000, 1.000, 1.000) (4.000, 5.000, 6.000) (0.167, 0.200, 0.250) (4.000, 5.000, 6.000) 
(0.167, 0.200, 0.250) (0.167, 0.200, 0.250) (1.000, 1.000, 1.000) (0.125, 0.143, 0.167) (0.250, 0.333, 0.500) 
(2.000, 3.000, 4.000) (4.000, 5.000, 6.000) (6.000, 7.000, 8.000) (1.000, 1.000, 1.000) (6.000, 7.000, 8.000) 
(0.167, 0.200, 0.250) (0.167, 0.200, 0.250) (2.000, 3.000, 4.000) (0.125, 0.143, 0.167) (1.000, 1.000, 1.000) 
B:

(1.000, 1.000, 1.000) (6.000, 7.000, 8.000) (2.000, 3.000, 4.000) (4.000, 5.000, 6.000) (1.000, 1.000, 1.000) 
(0.125, 0.143, 0.167) (1.000, 1.000, 1.000) (0.167, 0.200, 0.250) (0.250, 0.333, 0.500) (0.167, 0.200, 0.250) 
(0.250, 0.333, 0.500) (4.000, 5.000, 6.000) (1.000, 1.000, 1.000) (4.000, 5.000, 6.000) (0.250, 0.333, 0.500) 
(0.167, 0.200, 0.250) (2.000, 3.000, 4.000) (0.167, 0.200, 0.250) (1.000, 1.000, 1.000) (0.167, 0.200, 0.250) 
(1.000, 1.000, 1.000) (4.000, 5.000, 6.000) (2.000, 3.000, 4.000) (4.000, 5.000, 6.000) (1.000, 1.000, 1.000) 
C:

(1.000, 1.000, 1.000) (2.000, 3.000, 4.000) (0.250, 0.333, 0.500) (2.000, 3.000, 4.000) (0.250, 0.333, 0.500) 
(0.250, 0.333, 0.500) (1.000, 1.000, 1.000) (0.167, 0.200, 0.250) (2.000, 3.000, 4.000) (0.250, 0.333, 0.500) 
(2.000, 3.000, 4.000) (4.000, 5.000, 6.000) (1.000, 1.000, 1.000) (4.000, 5.000, 6.000) (2.000, 3.000, 4.000) 
(0.250, 0.333, 0.500) (0.250, 0.333, 0.500) (0.167, 0.200, 0.250) (1.000, 1.000, 1.000) (0.125, 0.143, 0.167) 
(2.000, 3.000, 4.000) (2.000, 3.000, 4.000) (0.250, 0.333, 0.500) (6.000, 7.000, 8.000) (1.000, 1.000, 1.000) 

Creando matriz unificada utilizando media geométrica...

(1.000, 1.000, 1.000) (2.884, 3.979, 5.040) (1.260, 1.710, 2.289) (1.260, 1.710, 2.289) (1.000, 1.186, 1.442) 
(0.198, 0.251, 0.347) (1.000, 1.000, 1.000) (0.481, 0.585, 0.721) (0.437, 0.585, 0.794) (0.550, 0.693, 0.909) 
(0.437, 0.585, 0.794) (1.387, 1.710, 2.080) (1.000, 1.000, 1.000) (1.260, 1.529, 1.817) (0.500, 0.693, 1.000) 
(0.437, 0.585, 0.794) (1.260, 1.710, 2.289) (0.550, 0.654, 0.794) (1.000, 1.000, 1.000) (0.500, 0.585, 0.693) 
(0.693, 0.843, 1.000) (1.101, 1.442, 1.817) (1.000, 1.442, 2.000) (1.442, 1.710, 2.000) (1.000, 1.000, 1.000) 

Aplicando FuzzyAHP sobre la matriz unificada...

(0.230, 0.317, 0.436) (0.078, 0.104, 0.145) (0.137, 0.187, 0.258) (0.115, 0.154, 0.210) (0.172, 0.231, 0.306) 
Nombre hoja:ProyVsFG

Leyendo matrices de los excel de cada muestras...



Sustituyendo nulos y campos no numéricos por 0...
A =

   1.00000   7.00000   5.00000   9.00000   3.00000
   0.00000   1.00000   0.33333   3.00000   0.20000
   0.00000   0.00000   1.00000   3.00000   0.33333
   0.00000   0.00000   0.00000   1.00000   0.14286
   0.00000   0.00000   0.00000   0.00000   1.00000

B =

   1.00000   7.00000   7.00000   7.00000   1.00000
   0.00000   1.00000   0.33333   3.00000   0.20000
   0.00000   0.00000   1.00000   5.00000   0.14286
   0.00000   0.00000   0.00000   1.00000   0.14286
   0.00000   0.00000   0.00000   0.00000   1.00000

C =

   1.00000   5.00000   0.33333   3.00000   0.33333
   0.00000   1.00000   0.20000   0.33333   0.33333
   0.00000   0.00000   1.00000   5.00000   3.00000
   0.00000   0.00000   0.00000   1.00000   0.33333
   0.00000   0.00000   0.00000   0.00000   1.00000

Verificando consistencia de muestra A:
Índice de consistencia: -0.89
Verificando consistencia de muestra B:
Índice de consistencia: -0.89
Verificando consistencia de muestra C:
Índice de consistencia: -0.89

Convirtiendo matrices crisp por su equivalente fuzzy...
A:

(1.000, 1.000, 1.000) (6.000, 7.000, 8.000) (4.000, 5.000, 6.000) (8.000, 9.000, 10.000) (2.000, 3.000, 4.000) 
(0.125, 0.143, 0.167) (1.000, 1.000, 1.000) (0.250, 0.333, 0.500) (2.000, 3.000, 4.000) (0.167, 0.200, 0.250) 
(0.167, 0.200, 0.250) (2.000, 3.000, 4.000) (1.000, 1.000, 1.000) (2.000, 3.000, 4.000) (0.250, 0.333, 0.500) 
(0.100, 0.111, 0.125) (0.250, 0.333, 0.500) (0.250, 0.333, 0.500) (1.000, 1.000, 1.000) (0.125, 0.143, 0.167) 
(0.250, 0.333, 0.500) (4.000, 5.000, 6.000) (2.000, 3.000, 4.000) (6.000, 7.000, 8.000) (1.000, 1.000, 1.000) 
B:

(1.000, 1.000, 1.000) (6.000, 7.000, 8.000) (6.000, 7.000, 8.000) (6.000, 7.000, 8.000) (1.000, 1.000, 1.000) 
(0.125, 0.143, 0.167) (1.000, 1.000, 1.000) (0.250, 0.333, 0.500) (2.000, 3.000, 4.000) (0.167, 0.200, 0.250) 
(0.125, 0.143, 0.167) (2.000, 3.000, 4.000) (1.000, 1.000, 1.000) (4.000, 5.000, 6.000) (0.125, 0.143, 0.167) 
(0.125, 0.143, 0.167) (0.250, 0.333, 0.500) (0.167, 0.200, 0.250) (1.000, 1.000, 1.000) (0.125, 0.143, 0.167) 
(1.000, 1.000, 1.000) (4.000, 5.000, 6.000) (6.000, 7.000, 8.000) (6.000, 7.000, 8.000) (1.000, 1.000, 1.000) 
C:

(1.000, 1.000, 1.000) (4.000, 5.000, 6.000) (0.250, 0.333, 0.500) (2.000, 3.000, 4.000) (0.250, 0.333, 0.500) 
(0.167, 0.200, 0.250) (1.000, 1.000, 1.000) (0.167, 0.200, 0.250) (0.250, 0.333, 0.500) (0.250, 0.333, 0.500) 
(2.000, 3.000, 4.000) (4.000, 5.000, 6.000) (1.000, 1.000, 1.000) (4.000, 5.000, 6.000) (2.000, 3.000, 4.000) 
(0.250, 0.333, 0.500) (2.000, 3.000, 4.000) (0.167, 0.200, 0.250) (1.000, 1.000, 1.000) (0.250, 0.333, 0.500) 
(2.000, 3.000, 4.000) (2.000, 3.000, 4.000) (0.250, 0.333, 0.500) (2.000, 3.000, 4.000) (1.000, 1.000, 1.000) 

Creando matriz unificada utilizando media geométrica...

(1.000, 1.000, 1.000) (5.241, 6.257, 7.268) (1.817, 2.268, 2.884) (4.579, 5.739, 6.840) (0.794, 1.000, 1.260) 
(0.138, 0.160, 0.191) (1.000, 1.000, 1.000) (0.218, 0.281, 0.397) (1.000, 1.442, 2.000) (0.191, 0.237, 0.315) 
(0.347, 0.441, 0.550) (2.520, 3.557, 4.579) (1.000, 1.000, 1.000) (3.175, 4.217, 5.241) (0.397, 0.523, 0.693) 
(0.146, 0.174, 0.218) (0.500, 0.693, 1.000) (0.191, 0.237, 0.315) (1.000, 1.000, 1.000) (0.157, 0.189, 0.240) 
(0.794, 1.000, 1.260) (3.175, 4.217, 5.241) (1.442, 1.913, 2.520) (4.160, 5.278, 6.350) (1.000, 1.000, 1.000) 

Aplicando FuzzyAHP sobre la matriz unificada...

(0.279, 0.362, 0.474) (0.050, 0.067, 0.094) (0.139, 0.196, 0.275) (0.042, 0.054, 0.074) (0.240, 0.319, 0.424) 
Nombre hoja:ProyVsOP

Leyendo matrices de los excel de cada muestras...



Sustituyendo nulos y campos no numéricos por 0...
A =

   1.00000   1.00000   7.00000   5.00000   3.00000
   0.00000   1.00000   5.00000   7.00000   7.00000
   0.00000   0.00000   1.00000   3.00000   1.00000
   0.00000   0.00000   0.00000   1.00000   0.14286
   0.00000   0.00000   0.00000   0.00000   1.00000

B =

   1.00000   0.14286   1.00000   5.00000   1.00000
   0.00000   1.00000   7.00000   7.00000   7.00000
   0.00000   0.00000   1.00000   7.00000   1.00000
   0.00000   0.00000   0.00000   1.00000   0.14286
   0.00000   0.00000   0.00000   0.00000   1.00000

C =

   1.00000   5.00000   3.00000   7.00000   5.00000
   0.00000   1.00000   0.33333   7.00000   3.00000
   0.00000   0.00000   1.00000   7.00000   7.00000
   0.00000   0.00000   0.00000   1.00000   0.14286
   0.00000   0.00000   0.00000   0.00000   1.00000

Verificando consistencia de muestra A:
Índice de consistencia: -0.89
Verificando consistencia de muestra B:
Índice de consistencia: -0.89
Verificando consistencia de muestra C:
Índice de consistencia: -0.89

Convirtiendo matrices crisp por su equivalente fuzzy...
A:

(1.000, 1.000, 1.000) (1.000, 1.000, 1.000) (6.000, 7.000, 8.000) (4.000, 5.000, 6.000) (2.000, 3.000, 4.000) 
(1.000, 1.000, 1.000) (1.000, 1.000, 1.000) (4.000, 5.000, 6.000) (6.000, 7.000, 8.000) (6.000, 7.000, 8.000) 
(0.125, 0.143, 0.167) (0.167, 0.200, 0.250) (1.000, 1.000, 1.000) (2.000, 3.000, 4.000) (1.000, 1.000, 1.000) 
(0.167, 0.200, 0.250) (0.125, 0.143, 0.167) (0.250, 0.333, 0.500) (1.000, 1.000, 1.000) (0.125, 0.143, 0.167) 
(0.250, 0.333, 0.500) (0.125, 0.143, 0.167) (1.000, 1.000, 1.000) (6.000, 7.000, 8.000) (1.000, 1.000, 1.000) 
B:

(1.000, 1.000, 1.000) (0.125, 0.143, 0.167) (1.000, 1.000, 1.000) (4.000, 5.000, 6.000) (1.000, 1.000, 1.000) 
(6.000, 7.000, 8.000) (1.000, 1.000, 1.000) (6.000, 7.000, 8.000) (6.000, 7.000, 8.000) (6.000, 7.000, 8.000) 
(1.000, 1.000, 1.000) (0.125, 0.143, 0.167) (1.000, 1.000, 1.000) (6.000, 7.000, 8.000) (1.000, 1.000, 1.000) 
(0.167, 0.200, 0.250) (0.125, 0.143, 0.167) (0.125, 0.143, 0.167) (1.000, 1.000, 1.000) (0.125, 0.143, 0.167) 
(1.000, 1.000, 1.000) (0.125, 0.143, 0.167) (1.000, 1.000, 1.000) (6.000, 7.000, 8.000) (1.000, 1.000, 1.000) 
C:

(1.000, 1.000, 1.000) (4.000, 5.000, 6.000) (2.000, 3.000, 4.000) (6.000, 7.000, 8.000) (4.000, 5.000, 6.000) 
(0.167, 0.200, 0.250) (1.000, 1.000, 1.000) (0.250, 0.333, 0.500) (6.000, 7.000, 8.000) (2.000, 3.000, 4.000) 
(0.250, 0.333, 0.500) (2.000, 3.000, 4.000) (1.000, 1.000, 1.000) (6.000, 7.000, 8.000) (6.000, 7.000, 8.000) 
(0.125, 0.143, 0.167) (0.125, 0.143, 0.167) (0.125, 0.143, 0.167) (1.000, 1.000, 1.000) (0.125, 0.143, 0.167) 
(0.167, 0.200, 0.250) (0.250, 0.333, 0.500) (0.125, 0.143, 0.167) (6.000, 7.000, 8.000) (1.000, 1.000, 1.000) 

Creando matriz unificada utilizando media geométrica...

(1.000, 1.000, 1.000) (0.794, 0.894, 1.000) (2.289, 2.759, 3.175) (4.579, 5.593, 6.604) (2.000, 2.466, 2.884) 
(1.000, 1.119, 1.260) (1.000, 1.000, 1.000) (1.817, 2.268, 2.884) (6.000, 7.000, 8.000) (4.160, 5.278, 6.350) 
(0.315, 0.362, 0.437) (0.347, 0.441, 0.550) (1.000, 1.000, 1.000) (4.160, 5.278, 6.350) (1.817, 1.913, 2.000) 
(0.151, 0.179, 0.218) (0.125, 0.143, 0.167) (0.157, 0.189, 0.240) (1.000, 1.000, 1.000) (0.125, 0.143, 0.167) 
(0.347, 0.405, 0.500) (0.157, 0.189, 0.240) (0.500, 0.523, 0.550) (6.000, 7.000, 8.000) (1.000, 1.000, 1.000) 

Aplicando FuzzyAHP sobre la matriz unificada...

(0.241, 0.292, 0.353) (0.293, 0.357, 0.439) (0.131, 0.166, 0.210) (0.030, 0.036, 0.044) (0.111, 0.139, 0.178) 
Nombre hoja:ProyVsMR

Leyendo matrices de los excel de cada muestras...



Sustituyendo nulos y campos no numéricos por 0...
A =

   1.00000   9.00000   5.00000   9.00000   3.00000
   0.00000   1.00000   0.20000   1.00000   0.20000
   0.00000   0.00000   1.00000   5.00000   0.33333
   0.00000   0.00000   0.00000   1.00000   0.20000
   0.00000   0.00000   0.00000   0.00000   1.00000

B =

   1.00000   3.00000   3.00000   5.00000   1.00000
   0.00000   1.00000   0.20000   0.33333   0.20000
   0.00000   0.00000   1.00000   3.00000   0.33333
   0.00000   0.00000   0.00000   1.00000   0.20000
   0.00000   0.00000   0.00000   0.00000   1.00000

C =

   1.00000   7.00000   5.00000   7.00000   7.00000
   0.00000   1.00000   0.33333   3.00000   0.33333
   0.00000   0.00000   1.00000   3.00000   1.00000
   0.00000   0.00000   0.00000   1.00000   0.33333
   0.00000   0.00000   0.00000   0.00000   1.00000

Verificando consistencia de muestra A:
Índice de consistencia: -0.89
Verificando consistencia de muestra B:
Índice de consistencia: -0.89
Verificando consistencia de muestra C:
Índice de consistencia: -0.89

Convirtiendo matrices crisp por su equivalente fuzzy...
A:

(1.000, 1.000, 1.000) (8.000, 9.000, 10.000) (4.000, 5.000, 6.000) (8.000, 9.000, 10.000) (2.000, 3.000, 4.000) 
(0.100, 0.111, 0.125) (1.000, 1.000, 1.000) (0.167, 0.200, 0.250) (1.000, 1.000, 1.000) (0.167, 0.200, 0.250) 
(0.167, 0.200, 0.250) (4.000, 5.000, 6.000) (1.000, 1.000, 1.000) (4.000, 5.000, 6.000) (0.250, 0.333, 0.500) 
(0.100, 0.111, 0.125) (1.000, 1.000, 1.000) (0.167, 0.200, 0.250) (1.000, 1.000, 1.000) (0.167, 0.200, 0.250) 
(0.250, 0.333, 0.500) (4.000, 5.000, 6.000) (2.000, 3.000, 4.000) (4.000, 5.000, 6.000) (1.000, 1.000, 1.000) 
B:

(1.000, 1.000, 1.000) (2.000, 3.000, 4.000) (2.000, 3.000, 4.000) (4.000, 5.000, 6.000) (1.000, 1.000, 1.000) 
(0.250, 0.333, 0.500) (1.000, 1.000, 1.000) (0.167, 0.200, 0.250) (0.250, 0.333, 0.500) (0.167, 0.200, 0.250) 
(0.250, 0.333, 0.500) (4.000, 5.000, 6.000) (1.000, 1.000, 1.000) (2.000, 3.000, 4.000) (0.250, 0.333, 0.500) 
(0.167, 0.200, 0.250) (2.000, 3.000, 4.000) (0.250, 0.333, 0.500) (1.000, 1.000, 1.000) (0.167, 0.200, 0.250) 
(1.000, 1.000, 1.000) (4.000, 5.000, 6.000) (2.000, 3.000, 4.000) (4.000, 5.000, 6.000) (1.000, 1.000, 1.000) 
C:

(1.000, 1.000, 1.000) (6.000, 7.000, 8.000) (4.000, 5.000, 6.000) (6.000, 7.000, 8.000) (6.000, 7.000, 8.000) 
(0.125, 0.143, 0.167) (1.000, 1.000, 1.000) (0.250, 0.333, 0.500) (2.000, 3.000, 4.000) (0.250, 0.333, 0.500) 
(0.167, 0.200, 0.250) (2.000, 3.000, 4.000) (1.000, 1.000, 1.000) (2.000, 3.000, 4.000) (1.000, 1.000, 1.000) 
(0.125, 0.143, 0.167) (0.250, 0.333, 0.500) (0.250, 0.333, 0.500) (1.000, 1.000, 1.000) (0.250, 0.333, 0.500) 
(0.125, 0.143, 0.167) (2.000, 3.000, 4.000) (1.000, 1.000, 1.000) (2.000, 3.000, 4.000) (1.000, 1.000, 1.000) 

Creando matriz unificada utilizando media geométrica...

(1.000, 1.000, 1.000) (4.579, 5.739, 6.840) (3.175, 4.217, 5.241) (5.769, 6.804, 7.830) (2.289, 2.759, 3.175) 
(0.146, 0.174, 0.218) (1.000, 1.000, 1.000) (0.191, 0.237, 0.315) (0.794, 1.000, 1.260) (0.191, 0.237, 0.315) 
(0.191, 0.237, 0.315) (3.175, 4.217, 5.241) (1.000, 1.000, 1.000) (2.520, 3.557, 4.579) (0.397, 0.481, 0.630) 
(0.128, 0.147, 0.173) (0.794, 1.000, 1.260) (0.218, 0.281, 0.397) (1.000, 1.000, 1.000) (0.191, 0.237, 0.315) 
(0.315, 0.362, 0.437) (3.175, 4.217, 5.241) (1.587, 2.080, 2.520) (3.175, 4.217, 5.241) (1.000, 1.000, 1.000) 

Aplicando FuzzyAHP sobre la matriz unificada...

(0.382, 0.478, 0.598) (0.046, 0.059, 0.080) (0.117, 0.165, 0.236) (0.046, 0.058, 0.079) (0.174, 0.232, 0.313) 
Nombre hoja:ProyVsOC

Leyendo matrices de los excel de cada muestras...



Sustituyendo nulos y campos no numéricos por 0...
A =

   1.00000   3.00000   5.00000   7.00000   5.00000
   0.00000   1.00000   3.00000   5.00000   5.00000
   0.00000   0.00000   1.00000   5.00000   3.00000
   0.00000   0.00000   0.00000   1.00000   0.33333
   0.00000   0.00000   0.00000   0.00000   1.00000

B =

   1.00000   0.14286   1.00000   5.00000   1.00000
   0.00000   1.00000   7.00000   7.00000   7.00000
   0.00000   0.00000   1.00000   7.00000   1.00000
   0.00000   0.00000   0.00000   1.00000   0.14286
   0.00000   0.00000   0.00000   0.00000   1.00000

C =

   1.00000   3.00000   3.00000   7.00000   7.00000
   0.00000   1.00000   0.33333   5.00000   1.00000
   0.00000   0.00000   1.00000   7.00000   3.00000
   0.00000   0.00000   0.00000   1.00000   0.11111
   0.00000   0.00000   0.00000   0.00000   1.00000

Verificando consistencia de muestra A:
Índice de consistencia: -0.89
Verificando consistencia de muestra B:
Índice de consistencia: -0.89
Verificando consistencia de muestra C:
Índice de consistencia: -0.89

Convirtiendo matrices crisp por su equivalente fuzzy...
A:

(1.000, 1.000, 1.000) (2.000, 3.000, 4.000) (4.000, 5.000, 6.000) (6.000, 7.000, 8.000) (4.000, 5.000, 6.000) 
(0.250, 0.333, 0.500) (1.000, 1.000, 1.000) (2.000, 3.000, 4.000) (4.000, 5.000, 6.000) (4.000, 5.000, 6.000) 
(0.167, 0.200, 0.250) (0.250, 0.333, 0.500) (1.000, 1.000, 1.000) (4.000, 5.000, 6.000) (2.000, 3.000, 4.000) 
(0.125, 0.143, 0.167) (0.167, 0.200, 0.250) (0.167, 0.200, 0.250) (1.000, 1.000, 1.000) (0.250, 0.333, 0.500) 
(0.167, 0.200, 0.250) (0.167, 0.200, 0.250) (0.250, 0.333, 0.500) (2.000, 3.000, 4.000) (1.000, 1.000, 1.000) 
B:

(1.000, 1.000, 1.000) (0.125, 0.143, 0.167) (1.000, 1.000, 1.000) (4.000, 5.000, 6.000) (1.000, 1.000, 1.000) 
(6.000, 7.000, 8.000) (1.000, 1.000, 1.000) (6.000, 7.000, 8.000) (6.000, 7.000, 8.000) (6.000, 7.000, 8.000) 
(1.000, 1.000, 1.000) (0.125, 0.143, 0.167) (1.000, 1.000, 1.000) (6.000, 7.000, 8.000) (1.000, 1.000, 1.000) 
(0.167, 0.200, 0.250) (0.125, 0.143, 0.167) (0.125, 0.143, 0.167) (1.000, 1.000, 1.000) (0.125, 0.143, 0.167) 
(1.000, 1.000, 1.000) (0.125, 0.143, 0.167) (1.000, 1.000, 1.000) (6.000, 7.000, 8.000) (1.000, 1.000, 1.000) 
C:

(1.000, 1.000, 1.000) (2.000, 3.000, 4.000) (2.000, 3.000, 4.000) (6.000, 7.000, 8.000) (6.000, 7.000, 8.000) 
(0.250, 0.333, 0.500) (1.000, 1.000, 1.000) (0.250, 0.333, 0.500) (4.000, 5.000, 6.000) (1.000, 1.000, 1.000) 
(0.250, 0.333, 0.500) (2.000, 3.000, 4.000) (1.000, 1.000, 1.000) (6.000, 7.000, 8.000) (2.000, 3.000, 4.000) 
(0.125, 0.143, 0.167) (0.167, 0.200, 0.250) (0.125, 0.143, 0.167) (1.000, 1.000, 1.000) (0.100, 0.111, 0.125) 
(0.125, 0.143, 0.167) (1.000, 1.000, 1.000) (0.250, 0.333, 0.500) (8.000, 9.000, 10.000) (1.000, 1.000, 1.000) 

Creando matriz unificada utilizando media geométrica...

(1.000, 1.000, 1.000) (0.794, 1.087, 1.387) (2.000, 2.466, 2.884) (5.241, 6.257, 7.268) (2.884, 3.271, 3.634) 
(0.721, 0.920, 1.260) (1.000, 1.000, 1.000) (1.442, 1.913, 2.520) (4.579, 5.593, 6.604) (2.884, 3.271, 3.634) 
(0.347, 0.405, 0.500) (0.397, 0.523, 0.693) (1.000, 1.000, 1.000) (5.241, 6.257, 7.268) (1.587, 2.080, 2.520) 
(0.138, 0.160, 0.191) (0.151, 0.179, 0.218) (0.138, 0.160, 0.191) (1.000, 1.000, 1.000) (0.146, 0.174, 0.218) 
(0.275, 0.306, 0.347) (0.275, 0.306, 0.347) (0.397, 0.481, 0.630) (4.579, 5.739, 6.840) (1.000, 1.000, 1.000) 

Aplicando FuzzyAHP sobre la matriz unificada...

(0.262, 0.330, 0.408) (0.235, 0.298, 0.383) (0.148, 0.193, 0.253) (0.032, 0.038, 0.047) (0.106, 0.135, 0.176) 
Nombre hoja:ProyVsII

Leyendo matrices de los excel de cada muestras...



Sustituyendo nulos y campos no numéricos por 0...
A =

   1.00000   3.00000   5.00000   7.00000   0.33333
   0.00000   1.00000   5.00000   7.00000   0.33333
   0.00000   0.00000   1.00000   3.00000   0.20000
   0.00000   0.00000   0.00000   1.00000   0.14286
   0.00000   0.00000   0.00000   0.00000   1.00000

B =

   1.00000   5.00000   5.00000   3.00000   1.00000
   0.00000   1.00000   0.33333   0.20000   0.20000
   0.00000   0.00000   1.00000   0.20000   0.20000
   0.00000   0.00000   0.00000   1.00000   0.33333
   0.00000   0.00000   0.00000   0.00000   1.00000

C =

   1.00000   5.00000   0.20000   5.00000   1.00000
   0.00000   1.00000   0.14286   0.33333   0.20000
   0.00000   0.00000   1.00000   5.00000   3.00000
   0.00000   0.00000   0.00000   1.00000   0.20000
   0.00000   0.00000   0.00000   0.00000   1.00000

Verificando consistencia de muestra A:
Índice de consistencia: -0.89
Verificando consistencia de muestra B:
Índice de consistencia: -0.89
Verificando consistencia de muestra C:
Índice de consistencia: -0.89

Convirtiendo matrices crisp por su equivalente fuzzy...
A:

(1.000, 1.000, 1.000) (2.000, 3.000, 4.000) (4.000, 5.000, 6.000) (6.000, 7.000, 8.000) (0.250, 0.333, 0.500) 
(0.250, 0.333, 0.500) (1.000, 1.000, 1.000) (4.000, 5.000, 6.000) (6.000, 7.000, 8.000) (0.250, 0.333, 0.500) 
(0.167, 0.200, 0.250) (0.167, 0.200, 0.250) (1.000, 1.000, 1.000) (2.000, 3.000, 4.000) (0.167, 0.200, 0.250) 
(0.125, 0.143, 0.167) (0.125, 0.143, 0.167) (0.250, 0.333, 0.500) (1.000, 1.000, 1.000) (0.125, 0.143, 0.167) 
(2.000, 3.000, 4.000) (2.000, 3.000, 4.000) (4.000, 5.000, 6.000) (6.000, 7.000, 8.000) (1.000, 1.000, 1.000) 
B:

(1.000, 1.000, 1.000) (4.000, 5.000, 6.000) (4.000, 5.000, 6.000) (2.000, 3.000, 4.000) (1.000, 1.000, 1.000) 
(0.167, 0.200, 0.250) (1.000, 1.000, 1.000) (0.250, 0.333, 0.500) (0.167, 0.200, 0.250) (0.167, 0.200, 0.250) 
(0.167, 0.200, 0.250) (2.000, 3.000, 4.000) (1.000, 1.000, 1.000) (0.167, 0.200, 0.250) (0.167, 0.200, 0.250) 
(0.250, 0.333, 0.500) (4.000, 5.000, 6.000) (4.000, 5.000, 6.000) (1.000, 1.000, 1.000) (0.250, 0.333, 0.500) 
(1.000, 1.000, 1.000) (4.000, 5.000, 6.000) (4.000, 5.000, 6.000) (2.000, 3.000, 4.000) (1.000, 1.000, 1.000) 
C:

(1.000, 1.000, 1.000) (4.000, 5.000, 6.000) (0.167, 0.200, 0.250) (4.000, 5.000, 6.000) (1.000, 1.000, 1.000) 
(0.167, 0.200, 0.250) (1.000, 1.000, 1.000) (0.125, 0.143, 0.167) (0.250, 0.333, 0.500) (0.167, 0.200, 0.250) 
(4.000, 5.000, 6.000) (6.000, 7.000, 8.000) (1.000, 1.000, 1.000) (4.000, 5.000, 6.000) (2.000, 3.000, 4.000) 
(0.167, 0.200, 0.250) (2.000, 3.000, 4.000) (0.167, 0.200, 0.250) (1.000, 1.000, 1.000) (0.167, 0.200, 0.250) 
(1.000, 1.000, 1.000) (4.000, 5.000, 6.000) (0.250, 0.333, 0.500) (4.000, 5.000, 6.000) (1.000, 1.000, 1.000) 

Creando matriz unificada utilizando media geométrica...

(1.000, 1.000, 1.000) (3.175, 4.217, 5.241) (1.387, 1.710, 2.080) (3.634, 4.718, 5.769) (0.630, 0.693, 0.794) 
(0.191, 0.237, 0.315) (1.000, 1.000, 1.000) (0.500, 0.620, 0.794) (0.630, 0.776, 1.000) (0.191, 0.237, 0.315) 
(0.481, 0.585, 0.721) (1.260, 1.613, 2.000) (1.000, 1.000, 1.000) (1.101, 1.442, 1.817) (0.382, 0.493, 0.630) 
(0.173, 0.212, 0.275) (1.000, 1.289, 1.587) (0.550, 0.693, 0.909) (1.000, 1.000, 1.000) (0.173, 0.212, 0.275) 
(1.260, 1.442, 1.587) (3.175, 4.217, 5.241) (1.587, 2.027, 2.621) (3.634, 4.718, 5.769) (1.000, 1.000, 1.000) 

Aplicando FuzzyAHP sobre la matriz unificada...

(0.238, 0.310, 0.408) (0.061, 0.079, 0.109) (0.115, 0.152, 0.202) (0.065, 0.085, 0.117) (0.285, 0.370, 0.480) 
Nombre hoja:ProyVsIE

Leyendo matrices de los excel de cada muestras...



Sustituyendo nulos y campos no numéricos por 0...
A =

   1.00000   5.00000   5.00000   3.00000   0.33333
   0.00000   1.00000   0.33333   0.20000   0.14286
   0.00000   0.00000   1.00000   0.33333   0.20000
   0.00000   0.00000   0.00000   1.00000   0.20000
   0.00000   0.00000   0.00000   0.00000   1.00000

B =

   1.00000   7.00000   7.00000   7.00000   1.00000
   0.00000   1.00000   0.33333   3.00000   0.14286
   0.00000   0.00000   1.00000   5.00000   0.14286
   0.00000   0.00000   0.00000   1.00000   0.14286
   0.00000   0.00000   0.00000   0.00000   1.00000

C =

   1.00000   0.14286   0.14286   3.00000   0.14286
   0.00000   1.00000   3.00000   5.00000   0.33333
   0.00000   0.00000   1.00000   5.00000   0.20000
   0.00000   0.00000   0.00000   1.00000   0.14286
   0.00000   0.00000   0.00000   0.00000   1.00000

Verificando consistencia de muestra A:
Índice de consistencia: -0.89
Verificando consistencia de muestra B:
Índice de consistencia: -0.89
Verificando consistencia de muestra C:
Índice de consistencia: -0.89

Convirtiendo matrices crisp por su equivalente fuzzy...
A:

(1.000, 1.000, 1.000) (4.000, 5.000, 6.000) (4.000, 5.000, 6.000) (2.000, 3.000, 4.000) (0.250, 0.333, 0.500) 
(0.167, 0.200, 0.250) (1.000, 1.000, 1.000) (0.250, 0.333, 0.500) (0.167, 0.200, 0.250) (0.125, 0.143, 0.167) 
(0.167, 0.200, 0.250) (2.000, 3.000, 4.000) (1.000, 1.000, 1.000) (0.250, 0.333, 0.500) (0.167, 0.200, 0.250) 
(0.250, 0.333, 0.500) (4.000, 5.000, 6.000) (2.000, 3.000, 4.000) (1.000, 1.000, 1.000) (0.167, 0.200, 0.250) 
(2.000, 3.000, 4.000) (6.000, 7.000, 8.000) (4.000, 5.000, 6.000) (4.000, 5.000, 6.000) (1.000, 1.000, 1.000) 
B:

(1.000, 1.000, 1.000) (6.000, 7.000, 8.000) (6.000, 7.000, 8.000) (6.000, 7.000, 8.000) (1.000, 1.000, 1.000) 
(0.125, 0.143, 0.167) (1.000, 1.000, 1.000) (0.250, 0.333, 0.500) (2.000, 3.000, 4.000) (0.125, 0.143, 0.167) 
(0.125, 0.143, 0.167) (2.000, 3.000, 4.000) (1.000, 1.000, 1.000) (4.000, 5.000, 6.000) (0.125, 0.143, 0.167) 
(0.125, 0.143, 0.167) (0.250, 0.333, 0.500) (0.167, 0.200, 0.250) (1.000, 1.000, 1.000) (0.125, 0.143, 0.167) 
(1.000, 1.000, 1.000) (6.000, 7.000, 8.000) (6.000, 7.000, 8.000) (6.000, 7.000, 8.000) (1.000, 1.000, 1.000) 
C:

(1.000, 1.000, 1.000) (0.125, 0.143, 0.167) (0.125, 0.143, 0.167) (2.000, 3.000, 4.000) (0.125, 0.143, 0.167) 
(6.000, 7.000, 8.000) (1.000, 1.000, 1.000) (2.000, 3.000, 4.000) (4.000, 5.000, 6.000) (0.250, 0.333, 0.500) 
(6.000, 7.000, 8.000) (0.250, 0.333, 0.500) (1.000, 1.000, 1.000) (4.000, 5.000, 6.000) (0.167, 0.200, 0.250) 
(0.250, 0.333, 0.500) (0.167, 0.200, 0.250) (0.167, 0.200, 0.250) (1.000, 1.000, 1.000) (0.125, 0.143, 0.167) 
(6.000, 7.000, 8.000) (2.000, 3.000, 4.000) (4.000, 5.000, 6.000) (6.000, 7.000, 8.000) (1.000, 1.000, 1.000) 

Creando matriz unificada utilizando media geométrica...

(1.000, 1.000, 1.000) (1.442, 1.710, 2.000) (1.442, 1.710, 2.000) (2.884, 3.979, 5.040) (0.315, 0.362, 0.437) 
(0.500, 0.585, 0.693) (1.000, 1.000, 1.000) (0.500, 0.693, 1.000) (1.101, 1.442, 1.817) (0.157, 0.189, 0.240) 
(0.500, 0.585, 0.693) (1.000, 1.442, 2.000) (1.000, 1.000, 1.000) (1.587, 2.027, 2.621) (0.151, 0.179, 0.218) 
(0.198, 0.251, 0.347) (0.550, 0.693, 0.909) (0.382, 0.493, 0.630) (1.000, 1.000, 1.000) (0.138, 0.160, 0.191) 
(2.289, 2.759, 3.175) (4.160, 5.278, 6.350) (4.579, 5.593, 6.604) (5.241, 6.257, 7.268) (1.000, 1.000, 1.000) 

Aplicando FuzzyAHP sobre la matriz unificada...

(0.157, 0.202, 0.265) (0.074, 0.097, 0.131) (0.088, 0.116, 0.159) (0.051, 0.065, 0.087) (0.415, 0.517, 0.641) 
Nombre hoja:ProyVsGI

Leyendo matrices de los excel de cada muestras...



Sustituyendo nulos y campos no numéricos por 0...
A =

   1.00000   0.33333   5.00000   5.00000   3.00000
   0.00000   1.00000   7.00000   9.00000   7.00000
   0.00000   0.00000   1.00000   3.00000   0.33333
   0.00000   0.00000   0.00000   1.00000   0.20000
   0.00000   0.00000   0.00000   0.00000   1.00000

B =

   1.00000   0.20000   1.00000   0.14286   1.00000
   0.00000   1.00000   5.00000   0.14286   5.00000
   0.00000   0.00000   1.00000   0.14286   1.00000
   0.00000   0.00000   0.00000   1.00000   7.00000
   0.00000   0.00000   0.00000   0.00000   1.00000

C =

   1.00000   0.20000   0.20000   3.00000   0.20000
   0.00000   1.00000   3.00000   7.00000   3.00000
   0.00000   0.00000   1.00000   5.00000   0.33333
   0.00000   0.00000   0.00000   1.00000   0.20000
   0.00000   0.00000   0.00000   0.00000   1.00000

Verificando consistencia de muestra A:
Índice de consistencia: -0.89
Verificando consistencia de muestra B:
Índice de consistencia: -0.89
Verificando consistencia de muestra C:
Índice de consistencia: -0.89

Convirtiendo matrices crisp por su equivalente fuzzy...
A:

(1.000, 1.000, 1.000) (0.250, 0.333, 0.500) (4.000, 5.000, 6.000) (4.000, 5.000, 6.000) (2.000, 3.000, 4.000) 
(2.000, 3.000, 4.000) (1.000, 1.000, 1.000) (6.000, 7.000, 8.000) (8.000, 9.000, 10.000) (6.000, 7.000, 8.000) 
(0.167, 0.200, 0.250) (0.125, 0.143, 0.167) (1.000, 1.000, 1.000) (2.000, 3.000, 4.000) (0.250, 0.333, 0.500) 
(0.167, 0.200, 0.250) (0.100, 0.111, 0.125) (0.250, 0.333, 0.500) (1.000, 1.000, 1.000) (0.167, 0.200, 0.250) 
(0.250, 0.333, 0.500) (0.125, 0.143, 0.167) (2.000, 3.000, 4.000) (4.000, 5.000, 6.000) (1.000, 1.000, 1.000) 
B:

(1.000, 1.000, 1.000) (0.167, 0.200, 0.250) (1.000, 1.000, 1.000) (0.125, 0.143, 0.167) (1.000, 1.000, 1.000) 
(4.000, 5.000, 6.000) (1.000, 1.000, 1.000) (4.000, 5.000, 6.000) (0.125, 0.143, 0.167) (4.000, 5.000, 6.000) 
(1.000, 1.000, 1.000) (0.167, 0.200, 0.250) (1.000, 1.000, 1.000) (0.125, 0.143, 0.167) (1.000, 1.000, 1.000) 
(6.000, 7.000, 8.000) (6.000, 7.000, 8.000) (6.000, 7.000, 8.000) (1.000, 1.000, 1.000) (6.000, 7.000, 8.000) 
(1.000, 1.000, 1.000) (0.167, 0.200, 0.250) (1.000, 1.000, 1.000) (0.125, 0.143, 0.167) (1.000, 1.000, 1.000) 
C:

(1.000, 1.000, 1.000) (0.167, 0.200, 0.250) (0.167, 0.200, 0.250) (2.000, 3.000, 4.000) (0.167, 0.200, 0.250) 
(4.000, 5.000, 6.000) (1.000, 1.000, 1.000) (2.000, 3.000, 4.000) (6.000, 7.000, 8.000) (2.000, 3.000, 4.000) 
(4.000, 5.000, 6.000) (0.250, 0.333, 0.500) (1.000, 1.000, 1.000) (4.000, 5.000, 6.000) (0.250, 0.333, 0.500) 
(0.250, 0.333, 0.500) (0.125, 0.143, 0.167) (0.167, 0.200, 0.250) (1.000, 1.000, 1.000) (0.167, 0.200, 0.250) 
(4.000, 5.000, 6.000) (0.250, 0.333, 0.500) (2.000, 3.000, 4.000) (4.000, 5.000, 6.000) (1.000, 1.000, 1.000) 

Creando matriz unificada utilizando media geométrica...

(1.000, 1.000, 1.000) (0.191, 0.237, 0.315) (0.874, 1.000, 1.145) (1.000, 1.289, 1.587) (0.693, 0.843, 1.000) 
(3.175, 4.217, 5.241) (1.000, 1.000, 1.000) (3.634, 4.718, 5.769) (1.817, 2.080, 2.371) (3.634, 4.718, 5.769) 
(0.874, 1.000, 1.145) (0.173, 0.212, 0.275) (1.000, 1.000, 1.000) (1.000, 1.289, 1.587) (0.397, 0.481, 0.630) 
(0.630, 0.776, 1.000) (0.422, 0.481, 0.550) (0.630, 0.776, 1.000) (1.000, 1.000, 1.000) (0.550, 0.654, 0.794) 
(1.000, 1.186, 1.442) (0.173, 0.212, 0.275) (1.587, 2.080, 2.520) (1.260, 1.529, 1.817) (1.000, 1.000, 1.000) 

Aplicando FuzzyAHP sobre la matriz unificada...

(0.096, 0.124, 0.163) (0.368, 0.474, 0.606) (0.085, 0.109, 0.145) (0.099, 0.123, 0.158) (0.115, 0.151, 0.203) 
Resultados:

Resultado de la matriz: Criterios

(0.068, 0.083, 0.105) (0.089, 0.117, 0.164) (0.392, 0.507, 0.644) (0.220, 0.287, 0.383) 

Resultado de la matriz: SubcriteriosVsC1

(0.365, 0.445, 0.553) (0.230, 0.290, 0.361) (0.210, 0.253, 0.303) 

Resultado de la matriz: SubcriteriosVsC2

(0.352, 0.438, 0.542) (0.221, 0.306, 0.420) (0.096, 0.124, 0.164) (0.093, 0.123, 0.169) 

Resultado de la matriz: SubcriteriosVsC3

(0.106, 0.136, 0.183) (0.128, 0.174, 0.242) (0.494, 0.614, 0.763) (0.056, 0.070, 0.092) 

Resultado de la matriz: SubcriteriosVsC4

(0.387, 0.517, 0.685) (0.277, 0.374, 0.514) (0.086, 0.109, 0.152) 

Resultado de la matriz: ProyVsML

(0.104, 0.134, 0.175) (0.382, 0.489, 0.626) (0.125, 0.177, 0.254) (0.057, 0.074, 0.103) (0.081, 0.107, 0.150) 

Resultado de la matriz: ProyVsFE

(0.054, 0.065, 0.081) (0.132, 0.168, 0.222) (0.095, 0.118, 0.150) (0.365, 0.452, 0.556) (0.147, 0.183, 0.227) 

Resultado de la matriz: ProyVsFT

(0.042, 0.050, 0.062) (0.127, 0.173, 0.238) (0.124, 0.156, 0.196) (0.324, 0.402, 0.502) (0.126, 0.152, 0.186) 

Resultado de la matriz: ProyVsNP

(0.298, 0.394, 0.517) (0.057, 0.075, 0.103) (0.087, 0.121, 0.171) (0.051, 0.070, 0.100) (0.262, 0.332, 0.426) 

Resultado de la matriz: ProyVsTH

(0.115, 0.136, 0.162) (0.288, 0.355, 0.434) (0.227, 0.277, 0.338) (0.049, 0.058, 0.072) (0.139, 0.166, 0.201) 

Resultado de la matriz: ProyVsDR

(0.233, 0.318, 0.426) (0.087, 0.119, 0.161) (0.138, 0.181, 0.245) (0.073, 0.099, 0.140) (0.218, 0.279, 0.362) 

Resultado de la matriz: ProyVsNC

(0.230, 0.317, 0.436) (0.078, 0.104, 0.145) (0.137, 0.187, 0.258) (0.115, 0.154, 0.210) (0.172, 0.231, 0.306) 

Resultado de la matriz: ProyVsFG

(0.279, 0.362, 0.474) (0.050, 0.067, 0.094) (0.139, 0.196, 0.275) (0.042, 0.054, 0.074) (0.240, 0.319, 0.424) 

Resultado de la matriz: ProyVsOP

(0.241, 0.292, 0.353) (0.293, 0.357, 0.439) (0.131, 0.166, 0.210) (0.030, 0.036, 0.044) (0.111, 0.139, 0.178) 

Resultado de la matriz: ProyVsMR

(0.382, 0.478, 0.598) (0.046, 0.059, 0.080) (0.117, 0.165, 0.236) (0.046, 0.058, 0.079) (0.174, 0.232, 0.313) 

Resultado de la matriz: ProyVsOC

(0.262, 0.330, 0.408) (0.235, 0.298, 0.383) (0.148, 0.193, 0.253) (0.032, 0.038, 0.047) (0.106, 0.135, 0.176) 

Resultado de la matriz: ProyVsII

(0.238, 0.310, 0.408) (0.061, 0.079, 0.109) (0.115, 0.152, 0.202) (0.065, 0.085, 0.117) (0.285, 0.370, 0.480) 

Resultado de la matriz: ProyVsIE

(0.157, 0.202, 0.265) (0.074, 0.097, 0.131) (0.088, 0.116, 0.159) (0.051, 0.065, 0.087) (0.415, 0.517, 0.641) 

Resultado de la matriz: ProyVsGI

(0.096, 0.124, 0.163) (0.368, 0.474, 0.606) (0.085, 0.109, 0.145) (0.099, 0.123, 0.158) (0.115, 0.151, 0.203) 
Creando vector de alternativas unificado...

Subcriterios x Criterio 1:

(0.025, 0.037, 0.058) (0.016, 0.024, 0.038) (0.014, 0.021, 0.032) 

Subcriterios x Criterio 2:

(0.031, 0.051, 0.089) (0.020, 0.036, 0.069) (0.009, 0.015, 0.027) (0.008, 0.014, 0.028) 

Subcriterios x Criterio 3:

(0.042, 0.069, 0.118) (0.050, 0.088, 0.155) (0.194, 0.311, 0.491) (0.022, 0.036, 0.059) 

Subcriterios x Criterio 4:

(0.085, 0.149, 0.262) (0.061, 0.107, 0.197) (0.019, 0.031, 0.058) 

Proyectos x ML:

(0.003, 0.005, 0.010) (0.010, 0.018, 0.036) (0.003, 0.007, 0.015) (0.001, 0.003, 0.006) (0.002, 0.004, 0.009) 

Proyectos x FE:

(0.001, 0.002, 0.003) (0.002, 0.004, 0.008) (0.001, 0.003, 0.006) (0.006, 0.011, 0.021) (0.002, 0.004, 0.009) 

Proyectos x FT:

(0.001, 0.001, 0.002) (0.002, 0.004, 0.008) (0.002, 0.003, 0.006) (0.005, 0.008, 0.016) (0.002, 0.003, 0.006) 

Proyectos x NP:

(0.009, 0.020, 0.046) (0.002, 0.004, 0.009) (0.003, 0.006, 0.015) (0.002, 0.004, 0.009) (0.008, 0.017, 0.038) 

Proyectos x TH:

(0.002, 0.005, 0.011) (0.006, 0.013, 0.030) (0.004, 0.010, 0.023) (0.001, 0.002, 0.005) (0.003, 0.006, 0.014) 

Proyectos x DR:

(0.002, 0.005, 0.011) (0.001, 0.002, 0.004) (0.001, 0.003, 0.007) (0.001, 0.001, 0.004) (0.002, 0.004, 0.010) 

Proyectos x NC:

(0.002, 0.005, 0.012) (0.001, 0.002, 0.004) (0.001, 0.003, 0.007) (0.001, 0.002, 0.006) (0.001, 0.003, 0.008) 

Proyectos x FG:

(0.012, 0.025, 0.056) (0.002, 0.005, 0.011) (0.006, 0.014, 0.032) (0.002, 0.004, 0.009) (0.010, 0.022, 0.050) 

Proyectos x OP:

(0.012, 0.026, 0.055) (0.015, 0.032, 0.068) (0.007, 0.015, 0.033) (0.002, 0.003, 0.007) (0.006, 0.012, 0.028) 

Proyectos x MR:

(0.074, 0.149, 0.294) (0.009, 0.018, 0.039) (0.023, 0.051, 0.116) (0.009, 0.018, 0.039) (0.034, 0.072, 0.154) 

Proyectos x OC:

(0.006, 0.012, 0.024) (0.005, 0.011, 0.023) (0.003, 0.007, 0.015) (0.001, 0.001, 0.003) (0.002, 0.005, 0.010) 

Proyectos x II:

(0.020, 0.046, 0.107) (0.005, 0.012, 0.029) (0.010, 0.023, 0.053) (0.006, 0.013, 0.031) (0.024, 0.055, 0.126) 

Proyectos x IE:

(0.010, 0.022, 0.052) (0.004, 0.010, 0.026) (0.005, 0.012, 0.031) (0.003, 0.007, 0.017) (0.025, 0.056, 0.126) 

Proyectos x GI:

(0.002, 0.004, 0.009) (0.007, 0.015, 0.035) (0.002, 0.003, 0.008) (0.002, 0.004, 0.009) (0.002, 0.005, 0.012) 

Creando vector global unificado...

(0.155, 0.325, 0.693) (0.070, 0.148, 0.331) (0.071, 0.159, 0.368) (0.039, 0.081, 0.181) (0.124, 0.269, 0.599) 

Desfuzificación mediante centroide
GPV =

   0.39089   0.18280   0.19915   0.10059   0.33034
